<?xml version="1.0" encoding="UTF-8"?>
<!-- Generated by org.testng.reporters.JUnitReportReporter -->
<testsuite hostname="5CG0168KFY" failures="0" tests="3" name="testCases.TC_003_Truetime" time="26.337" errors="0" timestamp="2024-01-29T12:07:36 IST" skipped="0">
  <testcase classname="testCases.TC_003_Truetime" name="verifyDetails" time="1.865"/>
  <testcase classname="testCases.TC_003_Truetime" name="verify_Truetime" time="2.700"/>
  <testcase classname="testCases.TC_003_Truetime" name="verify_Truetimee" time="21.772"/>
</testsuite> <!-- testCases.TC_003_Truetime -->
